# Logfile created on 2014-11-26 23:29:17 -0400 by logger.rb/v1.2.7
D, [2014-11-26T23:29:17.425133 #29606] DEBUG -- : REQUESTING PAGE: GET / with {} and HTTP headers {}
D, [2014-11-26T23:29:17.440904 #29606] DEBUG -- : REQUESTING PAGE: POST /jugar with {"espacio"=>"", "errores"=>"0", "letra"=>"", "posicion"=>"2", "Jugar"=>"Jugar"} and HTTP headers {"HTTP_REFERER"=>"/"}
D, [2014-11-26T23:29:17.443966 #29606] DEBUG -- : REQUESTING PAGE: GET /jugar with {} and HTTP headers {"HTTP_REFERER"=>"/jugar"}
D, [2014-11-26T23:29:17.445718 #29606] DEBUG -- : REQUESTING PAGE: GET / with {} and HTTP headers {}
D, [2014-11-26T23:29:17.448912 #29606] DEBUG -- : REQUESTING PAGE: POST /jugar with {"espacio"=>"", "errores"=>"0", "letra"=>"", "posicion"=>"2", "Jugar"=>"Jugar"} and HTTP headers {"HTTP_REFERER"=>"/"}
D, [2014-11-26T23:29:17.454299 #29606] DEBUG -- : REQUESTING PAGE: POST /jugar with {"letra"=>"p", "espacio"=>"----", "errores"=>"0", "posicion"=>"2", "Insertar"=>"Insertar"} and HTTP headers {"HTTP_REFERER"=>"/jugar"}
D, [2014-11-26T23:29:17.458364 #29606] DEBUG -- : REQUESTING PAGE: GET / with {} and HTTP headers {}
D, [2014-11-26T23:29:17.461000 #29606] DEBUG -- : REQUESTING PAGE: POST /jugar with {"espacio"=>"", "errores"=>"0", "letra"=>"", "posicion"=>"1", "Jugar"=>"Jugar"} and HTTP headers {"HTTP_REFERER"=>"/"}
D, [2014-11-26T23:29:17.465422 #29606] DEBUG -- : REQUESTING PAGE: POST /jugar with {"letra"=>"e", "espacio"=>"----", "errores"=>"0", "posicion"=>"1", "Insertar"=>"Insertar"} and HTTP headers {"HTTP_REFERER"=>"/jugar"}
D, [2014-11-26T23:29:17.470882 #29606] DEBUG -- : REQUESTING PAGE: GET / with {} and HTTP headers {}
D, [2014-11-26T23:29:17.473977 #29606] DEBUG -- : REQUESTING PAGE: POST /jugar with {"espacio"=>"", "errores"=>"0", "letra"=>"", "posicion"=>"1", "Jugar"=>"Jugar"} and HTTP headers {"HTTP_REFERER"=>"/"}
D, [2014-11-26T23:29:17.478154 #29606] DEBUG -- : REQUESTING PAGE: POST /jugar with {"letra"=>"r", "espacio"=>"----", "errores"=>"0", "posicion"=>"1", "Insertar"=>"Insertar"} and HTTP headers {"HTTP_REFERER"=>"/jugar"}
D, [2014-11-26T23:29:17.481198 #29606] DEBUG -- : REQUESTING PAGE: GET / with {} and HTTP headers {}
D, [2014-11-26T23:29:17.483908 #29606] DEBUG -- : REQUESTING PAGE: POST /jugar with {"espacio"=>"", "errores"=>"0", "letra"=>"", "posicion"=>"3", "Jugar"=>"Jugar"} and HTTP headers {"HTTP_REFERER"=>"/"}
D, [2014-11-26T23:29:17.488133 #29606] DEBUG -- : REQUESTING PAGE: POST /jugar with {"letra"=>"o", "espacio"=>"----", "errores"=>"0", "posicion"=>"3", "Insertar"=>"Insertar"} and HTTP headers {"HTTP_REFERER"=>"/jugar"}
D, [2014-11-26T23:29:17.491449 #29606] DEBUG -- : REQUESTING PAGE: GET /jugar with {} and HTTP headers {}
D, [2014-11-26T23:29:17.493949 #29606] DEBUG -- : REQUESTING PAGE: GET / with {} and HTTP headers {}
D, [2014-11-26T23:29:17.498002 #29606] DEBUG -- : REQUESTING PAGE: POST /jugar with {"espacio"=>"", "errores"=>"0", "letra"=>"", "posicion"=>"1", "Jugar"=>"Jugar"} and HTTP headers {"HTTP_REFERER"=>"/"}
D, [2014-11-26T23:29:17.502216 #29606] DEBUG -- : REQUESTING PAGE: GET / with {} and HTTP headers {}
D, [2014-11-26T23:29:17.504506 #29606] DEBUG -- : REQUESTING PAGE: GET /perdedor with {} and HTTP headers {"HTTP_REFERER"=>"/"}
D, [2014-11-26T23:29:17.506614 #29606] DEBUG -- : REQUESTING PAGE: GET / with {} and HTTP headers {}
D, [2014-11-26T23:29:17.509306 #29606] DEBUG -- : REQUESTING PAGE: POST /jugar with {"espacio"=>"", "errores"=>"0", "letra"=>"", "posicion"=>"0", "Jugar"=>"Jugar"} and HTTP headers {"HTTP_REFERER"=>"/"}
D, [2014-11-26T23:29:25.240875 #29632] DEBUG -- : REQUESTING PAGE: GET / with {} and HTTP headers {}
D, [2014-11-26T23:29:25.269025 #29632] DEBUG -- : REQUESTING PAGE: POST /jugar with {"espacio"=>"", "errores"=>"0", "letra"=>"", "posicion"=>"3", "Jugar"=>"Jugar"} and HTTP headers {"HTTP_REFERER"=>"/"}
D, [2014-11-26T23:29:25.273744 #29632] DEBUG -- : REQUESTING PAGE: GET /jugar with {} and HTTP headers {"HTTP_REFERER"=>"/jugar"}
D, [2014-11-26T23:29:25.276793 #29632] DEBUG -- : REQUESTING PAGE: GET / with {} and HTTP headers {}
D, [2014-11-26T23:29:25.280922 #29632] DEBUG -- : REQUESTING PAGE: POST /jugar with {"espacio"=>"", "errores"=>"0", "letra"=>"", "posicion"=>"3", "Jugar"=>"Jugar"} and HTTP headers {"HTTP_REFERER"=>"/"}
D, [2014-11-26T23:29:25.285124 #29632] DEBUG -- : REQUESTING PAGE: POST /jugar with {"letra"=>"p", "espacio"=>"----", "errores"=>"0", "posicion"=>"3", "Insertar"=>"Insertar"} and HTTP headers {"HTTP_REFERER"=>"/jugar"}
D, [2014-11-26T23:29:25.289141 #29632] DEBUG -- : REQUESTING PAGE: GET / with {} and HTTP headers {}
D, [2014-11-26T23:29:25.291738 #29632] DEBUG -- : REQUESTING PAGE: POST /jugar with {"espacio"=>"", "errores"=>"0", "letra"=>"", "posicion"=>"1", "Jugar"=>"Jugar"} and HTTP headers {"HTTP_REFERER"=>"/"}
D, [2014-11-26T23:29:25.295739 #29632] DEBUG -- : REQUESTING PAGE: POST /jugar with {"letra"=>"e", "espacio"=>"----", "errores"=>"0", "posicion"=>"1", "Insertar"=>"Insertar"} and HTTP headers {"HTTP_REFERER"=>"/jugar"}
D, [2014-11-26T23:29:25.298916 #29632] DEBUG -- : REQUESTING PAGE: GET / with {} and HTTP headers {}
D, [2014-11-26T23:29:25.301379 #29632] DEBUG -- : REQUESTING PAGE: POST /jugar with {"espacio"=>"", "errores"=>"0", "letra"=>"", "posicion"=>"2", "Jugar"=>"Jugar"} and HTTP headers {"HTTP_REFERER"=>"/"}
D, [2014-11-26T23:29:25.305149 #29632] DEBUG -- : REQUESTING PAGE: POST /jugar with {"letra"=>"r", "espacio"=>"----", "errores"=>"0", "posicion"=>"2", "Insertar"=>"Insertar"} and HTTP headers {"HTTP_REFERER"=>"/jugar"}
D, [2014-11-26T23:29:25.309317 #29632] DEBUG -- : REQUESTING PAGE: GET / with {} and HTTP headers {}
D, [2014-11-26T23:29:25.313000 #29632] DEBUG -- : REQUESTING PAGE: POST /jugar with {"espacio"=>"", "errores"=>"0", "letra"=>"", "posicion"=>"2", "Jugar"=>"Jugar"} and HTTP headers {"HTTP_REFERER"=>"/"}
D, [2014-11-26T23:29:25.317550 #29632] DEBUG -- : REQUESTING PAGE: POST /jugar with {"letra"=>"o", "espacio"=>"----", "errores"=>"0", "posicion"=>"2", "Insertar"=>"Insertar"} and HTTP headers {"HTTP_REFERER"=>"/jugar"}
D, [2014-11-26T23:29:25.320989 #29632] DEBUG -- : REQUESTING PAGE: GET /jugar with {} and HTTP headers {}
D, [2014-11-26T23:29:25.323336 #29632] DEBUG -- : REQUESTING PAGE: GET / with {} and HTTP headers {}
D, [2014-11-26T23:29:25.325690 #29632] DEBUG -- : REQUESTING PAGE: POST /jugar with {"espacio"=>"", "errores"=>"0", "letra"=>"", "posicion"=>"3", "Jugar"=>"Jugar"} and HTTP headers {"HTTP_REFERER"=>"/"}
D, [2014-11-26T23:29:25.329562 #29632] DEBUG -- : REQUESTING PAGE: GET / with {} and HTTP headers {}
D, [2014-11-26T23:29:25.331494 #29632] DEBUG -- : REQUESTING PAGE: GET /perdedor with {} and HTTP headers {"HTTP_REFERER"=>"/"}
D, [2014-11-26T23:29:25.333752 #29632] DEBUG -- : REQUESTING PAGE: GET / with {} and HTTP headers {}
D, [2014-11-26T23:29:25.336065 #29632] DEBUG -- : REQUESTING PAGE: POST /jugar with {"espacio"=>"", "errores"=>"0", "letra"=>"", "posicion"=>"3", "Jugar"=>"Jugar"} and HTTP headers {"HTTP_REFERER"=>"/"}
D, [2014-11-27T00:27:36.190277 #30910] DEBUG -- : REQUESTING PAGE: GET / with {} and HTTP headers {}
D, [2014-11-27T00:27:36.219100 #30910] DEBUG -- : REQUESTING PAGE: POST /jugar with {"espacio"=>"", "errores"=>"0", "letra"=>"", "posicion"=>"3", "Jugar"=>"Jugar"} and HTTP headers {"HTTP_REFERER"=>"/"}
D, [2014-11-27T00:27:36.223411 #30910] DEBUG -- : REQUESTING PAGE: GET /jugar with {} and HTTP headers {"HTTP_REFERER"=>"/jugar"}
D, [2014-11-27T00:27:36.227237 #30910] DEBUG -- : REQUESTING PAGE: GET / with {} and HTTP headers {}
D, [2014-11-27T00:27:36.230343 #30910] DEBUG -- : REQUESTING PAGE: POST /jugar with {"espacio"=>"", "errores"=>"0", "letra"=>"", "posicion"=>"0", "Jugar"=>"Jugar"} and HTTP headers {"HTTP_REFERER"=>"/"}
D, [2014-11-27T00:27:36.235106 #30910] DEBUG -- : REQUESTING PAGE: POST /jugar with {"letra"=>"p", "espacio"=>"-----", "errores"=>"0", "posicion"=>"0", "Insertar"=>"Insertar"} and HTTP headers {"HTTP_REFERER"=>"/jugar"}
D, [2014-11-27T00:27:36.239273 #30910] DEBUG -- : REQUESTING PAGE: GET / with {} and HTTP headers {}
D, [2014-11-27T00:27:36.241900 #30910] DEBUG -- : REQUESTING PAGE: POST /jugar with {"espacio"=>"", "errores"=>"0", "letra"=>"", "posicion"=>"2", "Jugar"=>"Jugar"} and HTTP headers {"HTTP_REFERER"=>"/"}
D, [2014-11-27T00:27:36.245894 #30910] DEBUG -- : REQUESTING PAGE: POST /jugar with {"letra"=>"e", "espacio"=>"----", "errores"=>"0", "posicion"=>"2", "Insertar"=>"Insertar"} and HTTP headers {"HTTP_REFERER"=>"/jugar"}
D, [2014-11-27T00:27:36.249354 #30910] DEBUG -- : REQUESTING PAGE: GET / with {} and HTTP headers {}
D, [2014-11-27T00:27:36.252016 #30910] DEBUG -- : REQUESTING PAGE: POST /jugar with {"espacio"=>"", "errores"=>"0", "letra"=>"", "posicion"=>"2", "Jugar"=>"Jugar"} and HTTP headers {"HTTP_REFERER"=>"/"}
D, [2014-11-27T00:27:36.256392 #30910] DEBUG -- : REQUESTING PAGE: POST /jugar with {"letra"=>"r", "espacio"=>"----", "errores"=>"0", "posicion"=>"2", "Insertar"=>"Insertar"} and HTTP headers {"HTTP_REFERER"=>"/jugar"}
D, [2014-11-27T00:27:36.261592 #30910] DEBUG -- : REQUESTING PAGE: GET / with {} and HTTP headers {}
D, [2014-11-27T00:27:36.265201 #30910] DEBUG -- : REQUESTING PAGE: POST /jugar with {"espacio"=>"", "errores"=>"0", "letra"=>"", "posicion"=>"2", "Jugar"=>"Jugar"} and HTTP headers {"HTTP_REFERER"=>"/"}
D, [2014-11-27T00:27:36.269700 #30910] DEBUG -- : REQUESTING PAGE: POST /jugar with {"letra"=>"o", "espacio"=>"----", "errores"=>"0", "posicion"=>"2", "Insertar"=>"Insertar"} and HTTP headers {"HTTP_REFERER"=>"/jugar"}
D, [2014-11-27T00:27:36.273516 #30910] DEBUG -- : REQUESTING PAGE: GET /jugar with {} and HTTP headers {}
D, [2014-11-27T00:27:36.276178 #30910] DEBUG -- : REQUESTING PAGE: GET / with {} and HTTP headers {}
D, [2014-11-27T00:27:36.278792 #30910] DEBUG -- : REQUESTING PAGE: POST /jugar with {"espacio"=>"", "errores"=>"0", "letra"=>"", "posicion"=>"0", "Jugar"=>"Jugar"} and HTTP headers {"HTTP_REFERER"=>"/"}
D, [2014-11-27T00:27:36.282753 #30910] DEBUG -- : REQUESTING PAGE: GET / with {} and HTTP headers {}
D, [2014-11-27T00:27:36.284810 #30910] DEBUG -- : REQUESTING PAGE: GET /perdedor with {} and HTTP headers {"HTTP_REFERER"=>"/"}
D, [2014-11-27T00:28:10.942850 #30931] DEBUG -- : REQUESTING PAGE: GET / with {} and HTTP headers {}
D, [2014-11-27T00:28:10.972460 #30931] DEBUG -- : REQUESTING PAGE: POST /jugar with {"espacio"=>"", "errores"=>"0", "letra"=>"", "posicion"=>"1", "Jugar"=>"Jugar"} and HTTP headers {"HTTP_REFERER"=>"/"}
D, [2014-11-27T00:28:10.977924 #30931] DEBUG -- : REQUESTING PAGE: GET /jugar with {} and HTTP headers {"HTTP_REFERER"=>"/jugar"}
D, [2014-11-27T00:28:10.980776 #30931] DEBUG -- : REQUESTING PAGE: GET / with {} and HTTP headers {}
D, [2014-11-27T00:28:10.983505 #30931] DEBUG -- : REQUESTING PAGE: POST /jugar with {"espacio"=>"", "errores"=>"0", "letra"=>"", "posicion"=>"3", "Jugar"=>"Jugar"} and HTTP headers {"HTTP_REFERER"=>"/"}
D, [2014-11-27T00:28:10.987551 #30931] DEBUG -- : REQUESTING PAGE: POST /jugar with {"letra"=>"p", "espacio"=>"----", "errores"=>"0", "posicion"=>"3", "Insertar"=>"Insertar"} and HTTP headers {"HTTP_REFERER"=>"/jugar"}
D, [2014-11-27T00:28:10.991641 #30931] DEBUG -- : REQUESTING PAGE: GET / with {} and HTTP headers {}
D, [2014-11-27T00:28:10.994188 #30931] DEBUG -- : REQUESTING PAGE: POST /jugar with {"espacio"=>"", "errores"=>"0", "letra"=>"", "posicion"=>"1", "Jugar"=>"Jugar"} and HTTP headers {"HTTP_REFERER"=>"/"}
D, [2014-11-27T00:28:10.997964 #30931] DEBUG -- : REQUESTING PAGE: POST /jugar with {"letra"=>"e", "espacio"=>"----", "errores"=>"0", "posicion"=>"1", "Insertar"=>"Insertar"} and HTTP headers {"HTTP_REFERER"=>"/jugar"}
D, [2014-11-27T00:28:11.001351 #30931] DEBUG -- : REQUESTING PAGE: GET / with {} and HTTP headers {}
D, [2014-11-27T00:28:11.003913 #30931] DEBUG -- : REQUESTING PAGE: POST /jugar with {"espacio"=>"", "errores"=>"0", "letra"=>"", "posicion"=>"1", "Jugar"=>"Jugar"} and HTTP headers {"HTTP_REFERER"=>"/"}
D, [2014-11-27T00:28:11.008402 #30931] DEBUG -- : REQUESTING PAGE: POST /jugar with {"letra"=>"r", "espacio"=>"----", "errores"=>"0", "posicion"=>"1", "Insertar"=>"Insertar"} and HTTP headers {"HTTP_REFERER"=>"/jugar"}
D, [2014-11-27T00:28:11.013847 #30931] DEBUG -- : REQUESTING PAGE: GET / with {} and HTTP headers {}
D, [2014-11-27T00:28:11.016655 #30931] DEBUG -- : REQUESTING PAGE: POST /jugar with {"espacio"=>"", "errores"=>"0", "letra"=>"", "posicion"=>"1", "Jugar"=>"Jugar"} and HTTP headers {"HTTP_REFERER"=>"/"}
D, [2014-11-27T00:28:11.020836 #30931] DEBUG -- : REQUESTING PAGE: POST /jugar with {"letra"=>"o", "espacio"=>"----", "errores"=>"0", "posicion"=>"1", "Insertar"=>"Insertar"} and HTTP headers {"HTTP_REFERER"=>"/jugar"}
D, [2014-11-27T00:28:11.024446 #30931] DEBUG -- : REQUESTING PAGE: GET /jugar with {} and HTTP headers {}
D, [2014-11-27T00:28:11.026928 #30931] DEBUG -- : REQUESTING PAGE: GET / with {} and HTTP headers {}
D, [2014-11-27T00:28:11.029401 #30931] DEBUG -- : REQUESTING PAGE: POST /jugar with {"espacio"=>"", "errores"=>"0", "letra"=>"", "posicion"=>"3", "Jugar"=>"Jugar"} and HTTP headers {"HTTP_REFERER"=>"/"}
D, [2014-11-27T00:28:11.033235 #30931] DEBUG -- : REQUESTING PAGE: GET / with {} and HTTP headers {}
D, [2014-11-27T00:28:11.035369 #30931] DEBUG -- : REQUESTING PAGE: GET /perdedor with {} and HTTP headers {"HTTP_REFERER"=>"/"}
D, [2014-11-27T00:28:11.037919 #30931] DEBUG -- : REQUESTING PAGE: GET / with {} and HTTP headers {}
D, [2014-11-27T00:28:11.040927 #30931] DEBUG -- : REQUESTING PAGE: POST /jugar with {"espacio"=>"", "errores"=>"0", "letra"=>"", "posicion"=>"1", "Jugar"=>"Jugar"} and HTTP headers {"HTTP_REFERER"=>"/"}
D, [2014-11-27T00:29:36.635706 #30963] DEBUG -- : REQUESTING PAGE: GET / with {} and HTTP headers {}
D, [2014-11-27T00:29:36.663514 #30963] DEBUG -- : REQUESTING PAGE: POST /jugar with {"espacio"=>"", "errores"=>"0", "letra"=>"", "posicion"=>"1", "Jugar"=>"Jugar"} and HTTP headers {"HTTP_REFERER"=>"/"}
D, [2014-11-27T00:29:36.667893 #30963] DEBUG -- : REQUESTING PAGE: GET /jugar with {} and HTTP headers {"HTTP_REFERER"=>"/jugar"}
D, [2014-11-27T00:29:36.670626 #30963] DEBUG -- : REQUESTING PAGE: GET / with {} and HTTP headers {}
D, [2014-11-27T00:29:36.674698 #30963] DEBUG -- : REQUESTING PAGE: POST /jugar with {"espacio"=>"", "errores"=>"0", "letra"=>"", "posicion"=>"3", "Jugar"=>"Jugar"} and HTTP headers {"HTTP_REFERER"=>"/"}
D, [2014-11-27T00:29:36.679179 #30963] DEBUG -- : REQUESTING PAGE: POST /jugar with {"letra"=>"p", "espacio"=>"----", "errores"=>"0", "posicion"=>"3", "Insertar"=>"Insertar"} and HTTP headers {"HTTP_REFERER"=>"/jugar"}
D, [2014-11-27T00:29:36.683654 #30963] DEBUG -- : REQUESTING PAGE: GET / with {} and HTTP headers {}
D, [2014-11-27T00:29:36.686383 #30963] DEBUG -- : REQUESTING PAGE: POST /jugar with {"espacio"=>"", "errores"=>"0", "letra"=>"", "posicion"=>"2", "Jugar"=>"Jugar"} and HTTP headers {"HTTP_REFERER"=>"/"}
D, [2014-11-27T00:29:36.690207 #30963] DEBUG -- : REQUESTING PAGE: POST /jugar with {"letra"=>"e", "espacio"=>"----", "errores"=>"0", "posicion"=>"2", "Insertar"=>"Insertar"} and HTTP headers {"HTTP_REFERER"=>"/jugar"}
D, [2014-11-27T00:29:36.693513 #30963] DEBUG -- : REQUESTING PAGE: GET / with {} and HTTP headers {}
D, [2014-11-27T00:29:36.696071 #30963] DEBUG -- : REQUESTING PAGE: POST /jugar with {"espacio"=>"", "errores"=>"0", "letra"=>"", "posicion"=>"0", "Jugar"=>"Jugar"} and HTTP headers {"HTTP_REFERER"=>"/"}
D, [2014-11-27T00:29:36.699995 #30963] DEBUG -- : REQUESTING PAGE: POST /jugar with {"letra"=>"r", "espacio"=>"-----", "errores"=>"0", "posicion"=>"0", "Insertar"=>"Insertar"} and HTTP headers {"HTTP_REFERER"=>"/jugar"}
D, [2014-11-27T00:29:36.703826 #30963] DEBUG -- : REQUESTING PAGE: GET / with {} and HTTP headers {}
D, [2014-11-27T00:29:36.708133 #30963] DEBUG -- : REQUESTING PAGE: POST /jugar with {"espacio"=>"", "errores"=>"0", "letra"=>"", "posicion"=>"1", "Jugar"=>"Jugar"} and HTTP headers {"HTTP_REFERER"=>"/"}
D, [2014-11-27T00:29:36.712484 #30963] DEBUG -- : REQUESTING PAGE: POST /jugar with {"letra"=>"o", "espacio"=>"----", "errores"=>"0", "posicion"=>"1", "Insertar"=>"Insertar"} and HTTP headers {"HTTP_REFERER"=>"/jugar"}
D, [2014-11-27T00:29:36.716480 #30963] DEBUG -- : REQUESTING PAGE: GET /jugar with {} and HTTP headers {}
D, [2014-11-27T00:29:36.719088 #30963] DEBUG -- : REQUESTING PAGE: GET / with {} and HTTP headers {}
D, [2014-11-27T00:29:36.721669 #30963] DEBUG -- : REQUESTING PAGE: POST /jugar with {"espacio"=>"", "errores"=>"0", "letra"=>"", "posicion"=>"2", "Jugar"=>"Jugar"} and HTTP headers {"HTTP_REFERER"=>"/"}
D, [2014-11-27T00:29:36.725758 #30963] DEBUG -- : REQUESTING PAGE: GET / with {} and HTTP headers {}
D, [2014-11-27T00:29:36.727776 #30963] DEBUG -- : REQUESTING PAGE: GET /perdedor with {} and HTTP headers {"HTTP_REFERER"=>"/"}
D, [2014-11-27T00:29:36.730407 #30963] DEBUG -- : REQUESTING PAGE: GET / with {} and HTTP headers {}
D, [2014-11-27T00:29:36.732982 #30963] DEBUG -- : REQUESTING PAGE: POST /jugar with {"espacio"=>"", "errores"=>"0", "letra"=>"", "posicion"=>"0", "Jugar"=>"Jugar"} and HTTP headers {"HTTP_REFERER"=>"/"}
D, [2014-11-27T00:30:19.233036 #30988] DEBUG -- : REQUESTING PAGE: GET / with {} and HTTP headers {}
D, [2014-11-27T00:30:19.260737 #30988] DEBUG -- : REQUESTING PAGE: POST /jugar with {"espacio"=>"", "errores"=>"0", "letra"=>"", "posicion"=>"3", "Jugar"=>"Jugar"} and HTTP headers {"HTTP_REFERER"=>"/"}
D, [2014-11-27T00:30:19.265069 #30988] DEBUG -- : REQUESTING PAGE: GET /jugar with {} and HTTP headers {"HTTP_REFERER"=>"/jugar"}
D, [2014-11-27T00:30:19.268494 #30988] DEBUG -- : REQUESTING PAGE: GET / with {} and HTTP headers {}
D, [2014-11-27T00:30:19.271724 #30988] DEBUG -- : REQUESTING PAGE: POST /jugar with {"espacio"=>"", "errores"=>"0", "letra"=>"", "posicion"=>"3", "Jugar"=>"Jugar"} and HTTP headers {"HTTP_REFERER"=>"/"}
D, [2014-11-27T00:30:19.275708 #30988] DEBUG -- : REQUESTING PAGE: POST /jugar with {"letra"=>"p", "espacio"=>"----", "errores"=>"0", "posicion"=>"3", "Insertar"=>"Insertar"} and HTTP headers {"HTTP_REFERER"=>"/jugar"}
D, [2014-11-27T00:30:19.279852 #30988] DEBUG -- : REQUESTING PAGE: GET / with {} and HTTP headers {}
D, [2014-11-27T00:30:19.282332 #30988] DEBUG -- : REQUESTING PAGE: POST /jugar with {"espacio"=>"", "errores"=>"0", "letra"=>"", "posicion"=>"1", "Jugar"=>"Jugar"} and HTTP headers {"HTTP_REFERER"=>"/"}
D, [2014-11-27T00:30:19.285952 #30988] DEBUG -- : REQUESTING PAGE: POST /jugar with {"letra"=>"e", "espacio"=>"----", "errores"=>"0", "posicion"=>"1", "Insertar"=>"Insertar"} and HTTP headers {"HTTP_REFERER"=>"/jugar"}
D, [2014-11-27T00:30:19.289128 #30988] DEBUG -- : REQUESTING PAGE: GET / with {} and HTTP headers {}
D, [2014-11-27T00:30:19.291600 #30988] DEBUG -- : REQUESTING PAGE: POST /jugar with {"espacio"=>"", "errores"=>"0", "letra"=>"", "posicion"=>"3", "Jugar"=>"Jugar"} and HTTP headers {"HTTP_REFERER"=>"/"}
D, [2014-11-27T00:30:19.295165 #30988] DEBUG -- : REQUESTING PAGE: POST /jugar with {"letra"=>"r", "espacio"=>"----", "errores"=>"0", "posicion"=>"3", "Insertar"=>"Insertar"} and HTTP headers {"HTTP_REFERER"=>"/jugar"}
D, [2014-11-27T00:30:19.298747 #30988] DEBUG -- : REQUESTING PAGE: GET / with {} and HTTP headers {}
D, [2014-11-27T00:30:19.302050 #30988] DEBUG -- : REQUESTING PAGE: POST /jugar with {"espacio"=>"", "errores"=>"0", "letra"=>"", "posicion"=>"0", "Jugar"=>"Jugar"} and HTTP headers {"HTTP_REFERER"=>"/"}
D, [2014-11-27T00:30:19.307397 #30988] DEBUG -- : REQUESTING PAGE: POST /jugar with {"letra"=>"o", "espacio"=>"-----", "errores"=>"0", "posicion"=>"0", "Insertar"=>"Insertar"} and HTTP headers {"HTTP_REFERER"=>"/jugar"}
D, [2014-11-27T00:30:19.311238 #30988] DEBUG -- : REQUESTING PAGE: GET /jugar with {} and HTTP headers {}
D, [2014-11-27T00:30:19.314109 #30988] DEBUG -- : REQUESTING PAGE: GET / with {} and HTTP headers {}
D, [2014-11-27T00:30:19.316787 #30988] DEBUG -- : REQUESTING PAGE: POST /jugar with {"espacio"=>"", "errores"=>"0", "letra"=>"", "posicion"=>"1", "Jugar"=>"Jugar"} and HTTP headers {"HTTP_REFERER"=>"/"}
D, [2014-11-27T00:30:19.320796 #30988] DEBUG -- : REQUESTING PAGE: GET / with {} and HTTP headers {}
D, [2014-11-27T00:30:19.322981 #30988] DEBUG -- : REQUESTING PAGE: GET /perdedor with {} and HTTP headers {"HTTP_REFERER"=>"/"}
D, [2014-11-27T00:30:19.325703 #30988] DEBUG -- : REQUESTING PAGE: GET / with {} and HTTP headers {}
D, [2014-11-27T00:30:19.328355 #30988] DEBUG -- : REQUESTING PAGE: POST /jugar with {"espacio"=>"", "errores"=>"0", "letra"=>"", "posicion"=>"0", "Jugar"=>"Jugar"} and HTTP headers {"HTTP_REFERER"=>"/"}
D, [2014-11-27T00:30:24.633131 #30997] DEBUG -- : REQUESTING PAGE: GET / with {} and HTTP headers {}
D, [2014-11-27T00:30:24.647459 #30997] DEBUG -- : REQUESTING PAGE: POST /jugar with {"espacio"=>"", "errores"=>"0", "letra"=>"", "posicion"=>"0", "Jugar"=>"Jugar"} and HTTP headers {"HTTP_REFERER"=>"/"}
D, [2014-11-27T00:30:24.668000 #30997] DEBUG -- : REQUESTING PAGE: GET /jugar with {} and HTTP headers {"HTTP_REFERER"=>"/jugar"}
D, [2014-11-27T00:30:24.671372 #30997] DEBUG -- : REQUESTING PAGE: GET / with {} and HTTP headers {}
D, [2014-11-27T00:30:24.674587 #30997] DEBUG -- : REQUESTING PAGE: POST /jugar with {"espacio"=>"", "errores"=>"0", "letra"=>"", "posicion"=>"3", "Jugar"=>"Jugar"} and HTTP headers {"HTTP_REFERER"=>"/"}
D, [2014-11-27T00:30:24.678932 #30997] DEBUG -- : REQUESTING PAGE: POST /jugar with {"letra"=>"p", "espacio"=>"----", "errores"=>"0", "posicion"=>"3", "Insertar"=>"Insertar"} and HTTP headers {"HTTP_REFERER"=>"/jugar"}
D, [2014-11-27T00:30:24.682861 #30997] DEBUG -- : REQUESTING PAGE: GET / with {} and HTTP headers {}
D, [2014-11-27T00:30:24.685625 #30997] DEBUG -- : REQUESTING PAGE: POST /jugar with {"espacio"=>"", "errores"=>"0", "letra"=>"", "posicion"=>"2", "Jugar"=>"Jugar"} and HTTP headers {"HTTP_REFERER"=>"/"}
D, [2014-11-27T00:30:24.689813 #30997] DEBUG -- : REQUESTING PAGE: POST /jugar with {"letra"=>"e", "espacio"=>"----", "errores"=>"0", "posicion"=>"2", "Insertar"=>"Insertar"} and HTTP headers {"HTTP_REFERER"=>"/jugar"}
D, [2014-11-27T00:30:24.692979 #30997] DEBUG -- : REQUESTING PAGE: GET / with {} and HTTP headers {}
D, [2014-11-27T00:30:24.695838 #30997] DEBUG -- : REQUESTING PAGE: POST /jugar with {"espacio"=>"", "errores"=>"0", "letra"=>"", "posicion"=>"1", "Jugar"=>"Jugar"} and HTTP headers {"HTTP_REFERER"=>"/"}
D, [2014-11-27T00:30:24.700703 #30997] DEBUG -- : REQUESTING PAGE: POST /jugar with {"letra"=>"r", "espacio"=>"----", "errores"=>"0", "posicion"=>"1", "Insertar"=>"Insertar"} and HTTP headers {"HTTP_REFERER"=>"/jugar"}
D, [2014-11-27T00:30:24.705951 #30997] DEBUG -- : REQUESTING PAGE: GET / with {} and HTTP headers {}
D, [2014-11-27T00:30:24.709533 #30997] DEBUG -- : REQUESTING PAGE: POST /jugar with {"espacio"=>"", "errores"=>"0", "letra"=>"", "posicion"=>"1", "Jugar"=>"Jugar"} and HTTP headers {"HTTP_REFERER"=>"/"}
D, [2014-11-27T00:30:24.713808 #30997] DEBUG -- : REQUESTING PAGE: POST /jugar with {"letra"=>"o", "espacio"=>"----", "errores"=>"0", "posicion"=>"1", "Insertar"=>"Insertar"} and HTTP headers {"HTTP_REFERER"=>"/jugar"}
D, [2014-11-27T00:30:24.717124 #30997] DEBUG -- : REQUESTING PAGE: GET /jugar with {} and HTTP headers {}
D, [2014-11-27T00:30:24.719430 #30997] DEBUG -- : REQUESTING PAGE: GET / with {} and HTTP headers {}
D, [2014-11-27T00:30:24.722247 #30997] DEBUG -- : REQUESTING PAGE: POST /jugar with {"espacio"=>"", "errores"=>"0", "letra"=>"", "posicion"=>"1", "Jugar"=>"Jugar"} and HTTP headers {"HTTP_REFERER"=>"/"}
D, [2014-11-27T00:30:24.725942 #30997] DEBUG -- : REQUESTING PAGE: GET / with {} and HTTP headers {}
D, [2014-11-27T00:30:24.728191 #30997] DEBUG -- : REQUESTING PAGE: GET /perdedor with {} and HTTP headers {"HTTP_REFERER"=>"/"}
D, [2014-11-27T00:30:24.730410 #30997] DEBUG -- : REQUESTING PAGE: GET / with {} and HTTP headers {}
D, [2014-11-27T00:30:24.733384 #30997] DEBUG -- : REQUESTING PAGE: POST /jugar with {"espacio"=>"", "errores"=>"0", "letra"=>"", "posicion"=>"3", "Jugar"=>"Jugar"} and HTTP headers {"HTTP_REFERER"=>"/"}
D, [2014-11-27T00:34:31.115318 #31061] DEBUG -- : REQUESTING PAGE: GET / with {} and HTTP headers {}
D, [2014-11-27T00:34:31.143716 #31061] DEBUG -- : REQUESTING PAGE: POST /jugar with {"espacio"=>"", "errores"=>"0", "letra"=>"", "posicion"=>"3", "Jugar"=>"Jugar"} and HTTP headers {"HTTP_REFERER"=>"/"}
D, [2014-11-27T00:34:31.148331 #31061] DEBUG -- : REQUESTING PAGE: GET /jugar with {} and HTTP headers {"HTTP_REFERER"=>"/jugar"}
D, [2014-11-27T00:34:31.152517 #31061] DEBUG -- : REQUESTING PAGE: GET / with {} and HTTP headers {}
D, [2014-11-27T00:34:31.155689 #31061] DEBUG -- : REQUESTING PAGE: POST /jugar with {"espacio"=>"", "errores"=>"0", "letra"=>"", "posicion"=>"3", "Jugar"=>"Jugar"} and HTTP headers {"HTTP_REFERER"=>"/"}
D, [2014-11-27T00:34:31.160051 #31061] DEBUG -- : REQUESTING PAGE: POST /jugar with {"letra"=>"p", "espacio"=>"----", "errores"=>"0", "posicion"=>"3", "Insertar"=>"Insertar"} and HTTP headers {"HTTP_REFERER"=>"/jugar"}
D, [2014-11-27T00:34:31.164693 #31061] DEBUG -- : REQUESTING PAGE: GET / with {} and HTTP headers {}
D, [2014-11-27T00:34:31.169097 #31061] DEBUG -- : REQUESTING PAGE: POST /jugar with {"espacio"=>"", "errores"=>"0", "letra"=>"", "posicion"=>"1", "Jugar"=>"Jugar"} and HTTP headers {"HTTP_REFERER"=>"/"}
D, [2014-11-27T00:34:31.173075 #31061] DEBUG -- : REQUESTING PAGE: POST /jugar with {"letra"=>"e", "espacio"=>"----", "errores"=>"0", "posicion"=>"1", "Insertar"=>"Insertar"} and HTTP headers {"HTTP_REFERER"=>"/jugar"}
D, [2014-11-27T00:34:31.176323 #31061] DEBUG -- : REQUESTING PAGE: GET / with {} and HTTP headers {}
D, [2014-11-27T00:34:31.178763 #31061] DEBUG -- : REQUESTING PAGE: POST /jugar with {"espacio"=>"", "errores"=>"0", "letra"=>"", "posicion"=>"3", "Jugar"=>"Jugar"} and HTTP headers {"HTTP_REFERER"=>"/"}
D, [2014-11-27T00:34:31.183293 #31061] DEBUG -- : REQUESTING PAGE: POST /jugar with {"letra"=>"r", "espacio"=>"----", "errores"=>"0", "posicion"=>"3", "Insertar"=>"Insertar"} and HTTP headers {"HTTP_REFERER"=>"/jugar"}
D, [2014-11-27T00:34:31.188708 #31061] DEBUG -- : REQUESTING PAGE: GET / with {} and HTTP headers {}
D, [2014-11-27T00:34:31.191295 #31061] DEBUG -- : REQUESTING PAGE: POST /jugar with {"espacio"=>"", "errores"=>"0", "letra"=>"", "posicion"=>"2", "Jugar"=>"Jugar"} and HTTP headers {"HTTP_REFERER"=>"/"}
D, [2014-11-27T00:34:31.194875 #31061] DEBUG -- : REQUESTING PAGE: POST /jugar with {"letra"=>"o", "espacio"=>"----", "errores"=>"0", "posicion"=>"2", "Insertar"=>"Insertar"} and HTTP headers {"HTTP_REFERER"=>"/jugar"}
D, [2014-11-27T00:34:31.198197 #31061] DEBUG -- : REQUESTING PAGE: GET /jugar with {} and HTTP headers {}
D, [2014-11-27T00:34:31.200644 #31061] DEBUG -- : REQUESTING PAGE: GET / with {} and HTTP headers {}
D, [2014-11-27T00:34:31.203171 #31061] DEBUG -- : REQUESTING PAGE: POST /jugar with {"espacio"=>"", "errores"=>"0", "letra"=>"", "posicion"=>"3", "Jugar"=>"Jugar"} and HTTP headers {"HTTP_REFERER"=>"/"}
D, [2014-11-27T00:34:31.206775 #31061] DEBUG -- : REQUESTING PAGE: GET / with {} and HTTP headers {}
D, [2014-11-27T00:34:31.208682 #31061] DEBUG -- : REQUESTING PAGE: GET /perdedor with {} and HTTP headers {"HTTP_REFERER"=>"/"}
D, [2014-11-27T00:34:31.211106 #31061] DEBUG -- : REQUESTING PAGE: GET / with {} and HTTP headers {}
D, [2014-11-27T00:34:31.213470 #31061] DEBUG -- : REQUESTING PAGE: POST /jugar with {"espacio"=>"", "errores"=>"0", "letra"=>"", "posicion"=>"3", "Jugar"=>"Jugar"} and HTTP headers {"HTTP_REFERER"=>"/"}
D, [2014-11-27T00:36:30.451296 #31079] DEBUG -- : REQUESTING PAGE: GET / with {} and HTTP headers {}
D, [2014-11-27T00:36:30.476318 #31079] DEBUG -- : REQUESTING PAGE: POST /jugar with {"espacio"=>"", "errores"=>"0", "letra"=>"", "posicion"=>"2", "Jugar"=>"Jugar"} and HTTP headers {"HTTP_REFERER"=>"/"}
D, [2014-11-27T00:36:30.479489 #31079] DEBUG -- : REQUESTING PAGE: GET /jugar with {} and HTTP headers {"HTTP_REFERER"=>"/jugar"}
D, [2014-11-27T00:36:30.481689 #31079] DEBUG -- : REQUESTING PAGE: GET / with {} and HTTP headers {}
D, [2014-11-27T00:36:30.484826 #31079] DEBUG -- : REQUESTING PAGE: POST /jugar with {"espacio"=>"", "errores"=>"0", "letra"=>"", "posicion"=>"2", "Jugar"=>"Jugar"} and HTTP headers {"HTTP_REFERER"=>"/"}
D, [2014-11-27T00:36:30.489657 #31079] DEBUG -- : REQUESTING PAGE: POST /jugar with {"letra"=>"p", "espacio"=>"----", "errores"=>"0", "posicion"=>"2", "Insertar"=>"Insertar"} and HTTP headers {"HTTP_REFERER"=>"/jugar"}
D, [2014-11-27T00:36:30.494138 #31079] DEBUG -- : REQUESTING PAGE: GET / with {} and HTTP headers {}
D, [2014-11-27T00:36:30.496509 #31079] DEBUG -- : REQUESTING PAGE: POST /jugar with {"espacio"=>"", "errores"=>"0", "letra"=>"", "posicion"=>"0", "Jugar"=>"Jugar"} and HTTP headers {"HTTP_REFERER"=>"/"}
D, [2014-11-27T00:36:30.500074 #31079] DEBUG -- : REQUESTING PAGE: POST /jugar with {"letra"=>"e", "espacio"=>"-----", "errores"=>"0", "posicion"=>"0", "Insertar"=>"Insertar"} and HTTP headers {"HTTP_REFERER"=>"/jugar"}
D, [2014-11-27T00:36:30.503457 #31079] DEBUG -- : REQUESTING PAGE: GET / with {} and HTTP headers {}
D, [2014-11-27T00:36:30.505769 #31079] DEBUG -- : REQUESTING PAGE: POST /jugar with {"espacio"=>"", "errores"=>"0", "letra"=>"", "posicion"=>"1", "Jugar"=>"Jugar"} and HTTP headers {"HTTP_REFERER"=>"/"}
D, [2014-11-27T00:36:30.509299 #31079] DEBUG -- : REQUESTING PAGE: POST /jugar with {"letra"=>"r", "espacio"=>"----", "errores"=>"0", "posicion"=>"1", "Insertar"=>"Insertar"} and HTTP headers {"HTTP_REFERER"=>"/jugar"}
D, [2014-11-27T00:36:30.512303 #31079] DEBUG -- : REQUESTING PAGE: GET / with {} and HTTP headers {}
D, [2014-11-27T00:36:30.514815 #31079] DEBUG -- : REQUESTING PAGE: POST /jugar with {"espacio"=>"", "errores"=>"0", "letra"=>"", "posicion"=>"1", "Jugar"=>"Jugar"} and HTTP headers {"HTTP_REFERER"=>"/"}
D, [2014-11-27T00:36:30.518860 #31079] DEBUG -- : REQUESTING PAGE: POST /jugar with {"letra"=>"o", "espacio"=>"----", "errores"=>"0", "posicion"=>"1", "Insertar"=>"Insertar"} and HTTP headers {"HTTP_REFERER"=>"/jugar"}
D, [2014-11-27T00:36:30.524028 #31079] DEBUG -- : REQUESTING PAGE: GET /jugar with {} and HTTP headers {}
D, [2014-11-27T00:36:30.526631 #31079] DEBUG -- : REQUESTING PAGE: GET / with {} and HTTP headers {}
D, [2014-11-27T00:36:30.529116 #31079] DEBUG -- : REQUESTING PAGE: POST /jugar with {"espacio"=>"", "errores"=>"0", "letra"=>"", "posicion"=>"3", "Jugar"=>"Jugar"} and HTTP headers {"HTTP_REFERER"=>"/"}
D, [2014-11-27T00:36:30.532849 #31079] DEBUG -- : REQUESTING PAGE: GET / with {} and HTTP headers {}
D, [2014-11-27T00:36:30.535167 #31079] DEBUG -- : REQUESTING PAGE: GET /perdedor with {} and HTTP headers {"HTTP_REFERER"=>"/"}
D, [2014-11-27T00:36:30.537786 #31079] DEBUG -- : REQUESTING PAGE: GET / with {} and HTTP headers {}
D, [2014-11-27T00:36:30.540233 #31079] DEBUG -- : REQUESTING PAGE: POST /jugar with {"espacio"=>"", "errores"=>"0", "letra"=>"", "posicion"=>"1", "Jugar"=>"Jugar"} and HTTP headers {"HTTP_REFERER"=>"/"}
D, [2014-11-27T00:36:36.040097 #31090] DEBUG -- : REQUESTING PAGE: GET / with {} and HTTP headers {}
D, [2014-11-27T00:36:36.054646 #31090] DEBUG -- : REQUESTING PAGE: POST /jugar with {"espacio"=>"", "errores"=>"0", "letra"=>"", "posicion"=>"3", "Jugar"=>"Jugar"} and HTTP headers {"HTTP_REFERER"=>"/"}
D, [2014-11-27T00:36:36.059790 #31090] DEBUG -- : REQUESTING PAGE: GET /jugar with {} and HTTP headers {"HTTP_REFERER"=>"/jugar"}
D, [2014-11-27T00:36:36.061774 #31090] DEBUG -- : REQUESTING PAGE: GET / with {} and HTTP headers {}
D, [2014-11-27T00:36:36.065087 #31090] DEBUG -- : REQUESTING PAGE: POST /jugar with {"espacio"=>"", "errores"=>"0", "letra"=>"", "posicion"=>"1", "Jugar"=>"Jugar"} and HTTP headers {"HTTP_REFERER"=>"/"}
D, [2014-11-27T00:36:36.069527 #31090] DEBUG -- : REQUESTING PAGE: POST /jugar with {"letra"=>"p", "espacio"=>"----", "errores"=>"0", "posicion"=>"1", "Insertar"=>"Insertar"} and HTTP headers {"HTTP_REFERER"=>"/jugar"}
D, [2014-11-27T00:36:36.073900 #31090] DEBUG -- : REQUESTING PAGE: GET / with {} and HTTP headers {}
D, [2014-11-27T00:36:36.079534 #31090] DEBUG -- : REQUESTING PAGE: POST /jugar with {"espacio"=>"", "errores"=>"0", "letra"=>"", "posicion"=>"0", "Jugar"=>"Jugar"} and HTTP headers {"HTTP_REFERER"=>"/"}
D, [2014-11-27T00:36:36.084399 #31090] DEBUG -- : REQUESTING PAGE: POST /jugar with {"letra"=>"e", "espacio"=>"-----", "errores"=>"0", "posicion"=>"0", "Insertar"=>"Insertar"} and HTTP headers {"HTTP_REFERER"=>"/jugar"}
D, [2014-11-27T00:36:36.087488 #31090] DEBUG -- : REQUESTING PAGE: GET / with {} and HTTP headers {}
D, [2014-11-27T00:36:36.090334 #31090] DEBUG -- : REQUESTING PAGE: POST /jugar with {"espacio"=>"", "errores"=>"0", "letra"=>"", "posicion"=>"0", "Jugar"=>"Jugar"} and HTTP headers {"HTTP_REFERER"=>"/"}
D, [2014-11-27T00:36:36.094414 #31090] DEBUG -- : REQUESTING PAGE: POST /jugar with {"letra"=>"r", "espacio"=>"-----", "errores"=>"0", "posicion"=>"0", "Insertar"=>"Insertar"} and HTTP headers {"HTTP_REFERER"=>"/jugar"}
D, [2014-11-27T00:36:36.097379 #31090] DEBUG -- : REQUESTING PAGE: GET / with {} and HTTP headers {}
D, [2014-11-27T00:36:36.100095 #31090] DEBUG -- : REQUESTING PAGE: POST /jugar with {"espacio"=>"", "errores"=>"0", "letra"=>"", "posicion"=>"2", "Jugar"=>"Jugar"} and HTTP headers {"HTTP_REFERER"=>"/"}
D, [2014-11-27T00:36:36.104397 #31090] DEBUG -- : REQUESTING PAGE: POST /jugar with {"letra"=>"o", "espacio"=>"----", "errores"=>"0", "posicion"=>"2", "Insertar"=>"Insertar"} and HTTP headers {"HTTP_REFERER"=>"/jugar"}
D, [2014-11-27T00:36:36.107790 #31090] DEBUG -- : REQUESTING PAGE: GET /jugar with {} and HTTP headers {}
D, [2014-11-27T00:36:36.110655 #31090] DEBUG -- : REQUESTING PAGE: GET / with {} and HTTP headers {}
D, [2014-11-27T00:36:36.115877 #31090] DEBUG -- : REQUESTING PAGE: POST /jugar with {"espacio"=>"", "errores"=>"0", "letra"=>"", "posicion"=>"2", "Jugar"=>"Jugar"} and HTTP headers {"HTTP_REFERER"=>"/"}
D, [2014-11-27T00:36:36.119833 #31090] DEBUG -- : REQUESTING PAGE: GET / with {} and HTTP headers {}
D, [2014-11-27T00:36:36.122157 #31090] DEBUG -- : REQUESTING PAGE: GET /perdedor with {} and HTTP headers {"HTTP_REFERER"=>"/"}
D, [2014-11-27T00:36:36.124539 #31090] DEBUG -- : REQUESTING PAGE: GET / with {} and HTTP headers {}
D, [2014-11-27T00:36:36.127286 #31090] DEBUG -- : REQUESTING PAGE: POST /jugar with {"espacio"=>"", "errores"=>"0", "letra"=>"", "posicion"=>"0", "Jugar"=>"Jugar"} and HTTP headers {"HTTP_REFERER"=>"/"}
